{"timestamp": "2026-05-17T02:28:51.085284+00:00", "level": "INFO", "logger": "app.main", "event": "initializing_timescaledb_features"}
{"timestamp": "2026-05-17T02:28:51.091953+00:00", "level": "ERROR", "logger": "app.main", "event": "Error en setup de TimescaleDB: (psycopg2.errors.UndefinedFunction) no existe la función create_hypertable(unknown, unknown, if_not_exists => boolean)\nLINE 1: SELECT create_hypertable('user_interactions', 'timestamp', i...\n               ^\nHINT:  Ninguna función coincide en el nombre y tipos de argumentos. Puede ser necesario agregar conversión explícita de tipos.\n\n[SQL: SELECT create_hypertable('user_interactions', 'timestamp', if_not_exists => TRUE);]\n(Background on this error at: https://sqlalche.me/e/20/f405)"}
{"timestamp": "2026-05-17T02:28:51.123260+00:00", "level": "INFO", "logger": "app.main", "event": "opentelemetry_instrumentation_enabled"}
{"timestamp": "2026-05-17T02:28:58.130862+00:00", "level": "INFO", "logger": "app.main", "event": "initializing_timescaledb_features"}
{"timestamp": "2026-05-17T02:28:58.132481+00:00", "level": "ERROR", "logger": "app.main", "event": "Error en setup de TimescaleDB: (psycopg2.errors.UndefinedFunction) no existe la función create_hypertable(unknown, unknown, if_not_exists => boolean)\nLINE 1: SELECT create_hypertable('user_interactions', 'timestamp', i...\n               ^\nHINT:  Ninguna función coincide en el nombre y tipos de argumentos. Puede ser necesario agregar conversión explícita de tipos.\n\n[SQL: SELECT create_hypertable('user_interactions', 'timestamp', if_not_exists => TRUE);]\n(Background on this error at: https://sqlalche.me/e/20/f405)"}
{"timestamp": "2026-05-17T02:28:58.146958+00:00", "level": "INFO", "logger": "app.main", "event": "opentelemetry_instrumentation_enabled"}
{"timestamp": "2026-05-17T02:33:04.704196+00:00", "level": "INFO", "logger": "app.main", "event": "initializing_timescaledb_features"}
{"timestamp": "2026-05-17T02:33:04.705575+00:00", "level": "ERROR", "logger": "app.main", "event": "Error en setup de TimescaleDB: (psycopg2.errors.UndefinedFunction) no existe la función create_hypertable(unknown, unknown, if_not_exists => boolean)\nLINE 1: SELECT create_hypertable('user_interactions', 'timestamp', i...\n               ^\nHINT:  Ninguna función coincide en el nombre y tipos de argumentos. Puede ser necesario agregar conversión explícita de tipos.\n\n[SQL: SELECT create_hypertable('user_interactions', 'timestamp', if_not_exists => TRUE);]\n(Background on this error at: https://sqlalche.me/e/20/f405)"}
{"timestamp": "2026-05-17T02:33:04.718976+00:00", "level": "INFO", "logger": "app.main", "event": "opentelemetry_instrumentation_enabled"}
{"timestamp": "2026-05-17T02:33:05.631610+00:00", "level": "INFO", "logger": "app.main", "event": "initializing_timescaledb_features"}
{"timestamp": "2026-05-17T02:33:05.633154+00:00", "level": "ERROR", "logger": "app.main", "event": "Error en setup de TimescaleDB: (psycopg2.errors.UndefinedFunction) no existe la función create_hypertable(unknown, unknown, if_not_exists => boolean)\nLINE 1: SELECT create_hypertable('user_interactions', 'timestamp', i...\n               ^\nHINT:  Ninguna función coincide en el nombre y tipos de argumentos. Puede ser necesario agregar conversión explícita de tipos.\n\n[SQL: SELECT create_hypertable('user_interactions', 'timestamp', if_not_exists => TRUE);]\n(Background on this error at: https://sqlalche.me/e/20/f405)"}
{"timestamp": "2026-05-17T02:33:05.646876+00:00", "level": "INFO", "logger": "app.main", "event": "opentelemetry_instrumentation_enabled"}
{"timestamp": "2026-05-17T02:33:08.587987+00:00", "level": "INFO", "logger": "watchfiles.main", "event": "1 change detected"}
{"timestamp": "2026-05-17T02:33:28.171866+00:00", "level": "INFO", "logger": "watchfiles.main", "event": "1 change detected"}
{"timestamp": "2026-05-17T02:33:30.248122+00:00", "level": "INFO", "logger": "watchfiles.main", "event": "1 change detected"}
{"timestamp": "2026-05-17T02:33:32.968275+00:00", "level": "INFO", "logger": "watchfiles.main", "event": "1 change detected"}
{"timestamp": "2026-05-17T02:33:43.179159+00:00", "level": "INFO", "logger": "watchfiles.main", "event": "1 change detected"}
{"timestamp": "2026-05-17T02:34:06.475184+00:00", "level": "INFO", "logger": "watchfiles.main", "event": "1 change detected"}
{"timestamp": "2026-05-17T02:34:07.361004+00:00", "level": "INFO", "logger": "watchfiles.main", "event": "6 changes detected"}
{"timestamp": "2026-05-17T02:34:08.128394+00:00", "level": "INFO", "logger": "app.main", "event": "initializing_timescaledb_features"}
{"timestamp": "2026-05-17T02:34:08.130361+00:00", "level": "ERROR", "logger": "app.main", "event": "Error en setup de TimescaleDB: (psycopg2.errors.UndefinedFunction) no existe la función create_hypertable(unknown, unknown, if_not_exists => boolean)\nLINE 1: SELECT create_hypertable('user_interactions', 'timestamp', i...\n               ^\nHINT:  Ninguna función coincide en el nombre y tipos de argumentos. Puede ser necesario agregar conversión explícita de tipos.\n\n[SQL: SELECT create_hypertable('user_interactions', 'timestamp', if_not_exists => TRUE);]\n(Background on this error at: https://sqlalche.me/e/20/f405)"}
{"timestamp": "2026-05-17T02:34:08.347999+00:00", "level": "INFO", "logger": "app.main", "event": "opentelemetry_instrumentation_enabled"}
{"timestamp": "2026-05-17T02:34:43.304283+00:00", "level": "INFO", "logger": "watchfiles.main", "event": "1 change detected"}
{"timestamp": "2026-05-17T02:34:53.818127+00:00", "level": "INFO", "logger": "watchfiles.main", "event": "1 change detected"}
{"timestamp": "2026-05-17T02:34:54.647668+00:00", "level": "INFO", "logger": "watchfiles.main", "event": "6 changes detected"}
{"timestamp": "2026-05-17T02:34:55.290181+00:00", "level": "INFO", "logger": "app.main", "event": "initializing_timescaledb_features"}
{"timestamp": "2026-05-17T02:34:55.291834+00:00", "level": "ERROR", "logger": "app.main", "event": "Error en setup de TimescaleDB: (psycopg2.errors.UndefinedFunction) no existe la función create_hypertable(unknown, unknown, if_not_exists => boolean)\nLINE 1: SELECT create_hypertable('user_interactions', 'timestamp', i...\n               ^\nHINT:  Ninguna función coincide en el nombre y tipos de argumentos. Puede ser necesario agregar conversión explícita de tipos.\n\n[SQL: SELECT create_hypertable('user_interactions', 'timestamp', if_not_exists => TRUE);]\n(Background on this error at: https://sqlalche.me/e/20/f405)"}
{"timestamp": "2026-05-17T02:34:55.308350+00:00", "level": "INFO", "logger": "app.main", "event": "opentelemetry_instrumentation_enabled"}
{"timestamp": "2026-05-17T02:35:07.999853+00:00", "level": "INFO", "logger": "watchfiles.main", "event": "1 change detected"}
{"timestamp": "2026-05-17T02:35:31.579780+00:00", "level": "INFO", "logger": "watchfiles.main", "event": "1 change detected"}
{"timestamp": "2026-05-17T02:35:41.498125+00:00", "level": "INFO", "logger": "watchfiles.main", "event": "1 change detected"}
{"timestamp": "2026-05-17T02:36:51.103649+00:00", "level": "INFO", "logger": "watchfiles.main", "event": "1 change detected"}
{"timestamp": "2026-05-17T02:37:34.110983+00:00", "level": "INFO", "logger": "watchfiles.main", "event": "1 change detected"}
{"timestamp": "2026-05-17T02:37:35.669221+00:00", "level": "INFO", "logger": "watchfiles.main", "event": "1 change detected"}
{"timestamp": "2026-05-17T02:37:36.235143+00:00", "level": "INFO", "logger": "watchfiles.main", "event": "1 change detected"}
{"timestamp": "2026-05-17T02:37:37.751016+00:00", "level": "INFO", "logger": "watchfiles.main", "event": "1 change detected"}
{"timestamp": "2026-05-17T02:37:41.771844+00:00", "level": "INFO", "logger": "watchfiles.main", "event": "1 change detected"}
{"timestamp": "2026-05-17T02:38:31.924805+00:00", "level": "INFO", "logger": "watchfiles.main", "event": "1 change detected"}
{"timestamp": "2026-05-17T02:38:35.197197+00:00", "level": "INFO", "logger": "watchfiles.main", "event": "1 change detected"}
{"timestamp": "2026-05-17T02:39:01.641555+00:00", "level": "INFO", "logger": "watchfiles.main", "event": "1 change detected"}
{"timestamp": "2026-05-17T02:39:25.498552+00:00", "level": "INFO", "logger": "watchfiles.main", "event": "1 change detected"}
{"timestamp": "2026-05-17T02:40:08.344256+00:00", "level": "INFO", "logger": "watchfiles.main", "event": "1 change detected"}
{"timestamp": "2026-05-17T02:40:30.856737+00:00", "level": "INFO", "logger": "watchfiles.main", "event": "1 change detected"}
{"timestamp": "2026-05-17T02:40:31.702770+00:00", "level": "INFO", "logger": "watchfiles.main", "event": "1 change detected"}
{"timestamp": "2026-05-17T02:40:32.116687+00:00", "level": "INFO", "logger": "watchfiles.main", "event": "5 changes detected"}
{"timestamp": "2026-05-17T02:40:32.340159+00:00", "level": "INFO", "logger": "app.main", "event": "initializing_timescaledb_features"}
{"timestamp": "2026-05-17T02:40:32.341600+00:00", "level": "ERROR", "logger": "app.main", "event": "Error en setup de TimescaleDB: (psycopg2.errors.UndefinedFunction) no existe la función create_hypertable(unknown, unknown, if_not_exists => boolean)\nLINE 1: SELECT create_hypertable('user_interactions', 'timestamp', i...\n               ^\nHINT:  Ninguna función coincide en el nombre y tipos de argumentos. Puede ser necesario agregar conversión explícita de tipos.\n\n[SQL: SELECT create_hypertable('user_interactions', 'timestamp', if_not_exists => TRUE);]\n(Background on this error at: https://sqlalche.me/e/20/f405)"}
{"timestamp": "2026-05-17T02:40:32.355311+00:00", "level": "INFO", "logger": "app.main", "event": "opentelemetry_instrumentation_enabled"}
{"timestamp": "2026-05-17T02:40:37.098436+00:00", "level": "INFO", "logger": "watchfiles.main", "event": "1 change detected"}
{"timestamp": "2026-05-17T02:40:37.919495+00:00", "level": "INFO", "logger": "watchfiles.main", "event": "6 changes detected"}
{"timestamp": "2026-05-17T02:40:38.570395+00:00", "level": "INFO", "logger": "app.main", "event": "initializing_timescaledb_features"}
{"timestamp": "2026-05-17T02:40:38.572110+00:00", "level": "ERROR", "logger": "app.main", "event": "Error en setup de TimescaleDB: (psycopg2.errors.UndefinedFunction) no existe la función create_hypertable(unknown, unknown, if_not_exists => boolean)\nLINE 1: SELECT create_hypertable('user_interactions', 'timestamp', i...\n               ^\nHINT:  Ninguna función coincide en el nombre y tipos de argumentos. Puede ser necesario agregar conversión explícita de tipos.\n\n[SQL: SELECT create_hypertable('user_interactions', 'timestamp', if_not_exists => TRUE);]\n(Background on this error at: https://sqlalche.me/e/20/f405)"}
{"timestamp": "2026-05-17T02:40:38.589546+00:00", "level": "INFO", "logger": "app.main", "event": "opentelemetry_instrumentation_enabled"}
{"timestamp": "2026-05-17T02:41:01.344467+00:00", "level": "INFO", "logger": "watchfiles.main", "event": "1 change detected"}
{"timestamp": "2026-05-17T02:41:28.889131+00:00", "level": "INFO", "logger": "watchfiles.main", "event": "1 change detected"}
{"timestamp": "2026-05-17T02:44:31.685574+00:00", "level": "INFO", "logger": "app.main", "event": "initializing_timescaledb_features"}
{"timestamp": "2026-05-17T02:44:31.686873+00:00", "level": "ERROR", "logger": "app.main", "event": "Error en setup de TimescaleDB: (psycopg2.errors.UndefinedFunction) no existe la función create_hypertable(unknown, unknown, if_not_exists => boolean)\nLINE 1: SELECT create_hypertable('user_interactions', 'timestamp', i...\n               ^\nHINT:  Ninguna función coincide en el nombre y tipos de argumentos. Puede ser necesario agregar conversión explícita de tipos.\n\n[SQL: SELECT create_hypertable('user_interactions', 'timestamp', if_not_exists => TRUE);]\n(Background on this error at: https://sqlalche.me/e/20/f405)"}
{"timestamp": "2026-05-17T02:44:31.700321+00:00", "level": "INFO", "logger": "app.main", "event": "opentelemetry_instrumentation_enabled"}
{"timestamp": "2026-05-17T02:44:32.605837+00:00", "level": "INFO", "logger": "app.main", "event": "initializing_timescaledb_features"}
{"timestamp": "2026-05-17T02:44:32.607144+00:00", "level": "ERROR", "logger": "app.main", "event": "Error en setup de TimescaleDB: (psycopg2.errors.UndefinedFunction) no existe la función create_hypertable(unknown, unknown, if_not_exists => boolean)\nLINE 1: SELECT create_hypertable('user_interactions', 'timestamp', i...\n               ^\nHINT:  Ninguna función coincide en el nombre y tipos de argumentos. Puede ser necesario agregar conversión explícita de tipos.\n\n[SQL: SELECT create_hypertable('user_interactions', 'timestamp', if_not_exists => TRUE);]\n(Background on this error at: https://sqlalche.me/e/20/f405)"}
{"timestamp": "2026-05-17T02:44:32.619869+00:00", "level": "INFO", "logger": "app.main", "event": "opentelemetry_instrumentation_enabled"}
{"timestamp": "2026-05-17T02:44:48.193498+00:00", "level": "INFO", "logger": "watchfiles.main", "event": "1 change detected"}
{"timestamp": "2026-05-17T02:46:55.424912+00:00", "level": "INFO", "logger": "watchfiles.main", "event": "1 change detected"}
{"timestamp": "2026-05-17T02:47:05.947518+00:00", "level": "INFO", "logger": "watchfiles.main", "event": "1 change detected"}
{"timestamp": "2026-05-17T02:47:20.663497+00:00", "level": "INFO", "logger": "watchfiles.main", "event": "1 change detected"}
{"timestamp": "2026-05-17T02:47:33.662501+00:00", "level": "INFO", "logger": "watchfiles.main", "event": "1 change detected"}
{"timestamp": "2026-05-17T02:47:34.426795+00:00", "level": "INFO", "logger": "watchfiles.main", "event": "6 changes detected"}
{"timestamp": "2026-05-17T02:47:34.908049+00:00", "level": "INFO", "logger": "app.main", "event": "initializing_timescaledb_features"}
{"timestamp": "2026-05-17T02:47:34.909461+00:00", "level": "ERROR", "logger": "app.main", "event": "Error en setup de TimescaleDB: (psycopg2.errors.UndefinedFunction) no existe la función create_hypertable(unknown, unknown, if_not_exists => boolean)\nLINE 1: SELECT create_hypertable('user_interactions', 'timestamp', i...\n               ^\nHINT:  Ninguna función coincide en el nombre y tipos de argumentos. Puede ser necesario agregar conversión explícita de tipos.\n\n[SQL: SELECT create_hypertable('user_interactions', 'timestamp', if_not_exists => TRUE);]\n(Background on this error at: https://sqlalche.me/e/20/f405)"}
{"timestamp": "2026-05-17T02:47:34.923407+00:00", "level": "INFO", "logger": "app.main", "event": "opentelemetry_instrumentation_enabled"}
{"timestamp": "2026-05-17T02:47:39.305324+00:00", "level": "INFO", "logger": "watchfiles.main", "event": "1 change detected"}
{"timestamp": "2026-05-17T02:47:40.158689+00:00", "level": "INFO", "logger": "watchfiles.main", "event": "1 change detected"}
{"timestamp": "2026-05-17T02:47:45.338167+00:00", "level": "INFO", "logger": "watchfiles.main", "event": "1 change detected"}
{"timestamp": "2026-05-17T02:48:09.573324+00:00", "level": "INFO", "logger": "watchfiles.main", "event": "1 change detected"}
{"timestamp": "2026-05-17T02:48:09.933065+00:00", "level": "INFO", "logger": "watchfiles.main", "event": "7 changes detected"}
{"timestamp": "2026-05-17T02:48:10.646764+00:00", "level": "INFO", "logger": "app.main", "event": "initializing_timescaledb_features"}
{"timestamp": "2026-05-17T02:48:10.648055+00:00", "level": "ERROR", "logger": "app.main", "event": "Error en setup de TimescaleDB: (psycopg2.errors.UndefinedFunction) no existe la función create_hypertable(unknown, unknown, if_not_exists => boolean)\nLINE 1: SELECT create_hypertable('user_interactions', 'timestamp', i...\n               ^\nHINT:  Ninguna función coincide en el nombre y tipos de argumentos. Puede ser necesario agregar conversión explícita de tipos.\n\n[SQL: SELECT create_hypertable('user_interactions', 'timestamp', if_not_exists => TRUE);]\n(Background on this error at: https://sqlalche.me/e/20/f405)"}
{"timestamp": "2026-05-17T02:48:10.662698+00:00", "level": "INFO", "logger": "app.main", "event": "opentelemetry_instrumentation_enabled"}
{"timestamp": "2026-05-17T02:48:40.791600+00:00", "level": "INFO", "logger": "watchfiles.main", "event": "1 change detected"}
{"timestamp": "2026-05-17T02:48:41.680131+00:00", "level": "INFO", "logger": "watchfiles.main", "event": "6 changes detected"}
{"timestamp": "2026-05-17T02:48:42.423269+00:00", "level": "INFO", "logger": "app.main", "event": "initializing_timescaledb_features"}
{"timestamp": "2026-05-17T02:48:42.425022+00:00", "level": "ERROR", "logger": "app.main", "event": "Error en setup de TimescaleDB: (psycopg2.errors.UndefinedFunction) no existe la función create_hypertable(unknown, unknown, if_not_exists => boolean)\nLINE 1: SELECT create_hypertable('user_interactions', 'timestamp', i...\n               ^\nHINT:  Ninguna función coincide en el nombre y tipos de argumentos. Puede ser necesario agregar conversión explícita de tipos.\n\n[SQL: SELECT create_hypertable('user_interactions', 'timestamp', if_not_exists => TRUE);]\n(Background on this error at: https://sqlalche.me/e/20/f405)"}
{"timestamp": "2026-05-17T02:48:42.443850+00:00", "level": "INFO", "logger": "app.main", "event": "opentelemetry_instrumentation_enabled"}
{"timestamp": "2026-05-17T02:49:08.161089+00:00", "level": "INFO", "logger": "watchfiles.main", "event": "1 change detected"}
{"timestamp": "2026-05-17T02:50:06.818271+00:00", "level": "INFO", "logger": "app.main", "event": "initializing_timescaledb_features"}
{"timestamp": "2026-05-17T02:50:06.819676+00:00", "level": "ERROR", "logger": "app.main", "event": "Error en setup de TimescaleDB: (psycopg2.errors.UndefinedFunction) no existe la función create_hypertable(unknown, unknown, if_not_exists => boolean)\nLINE 1: SELECT create_hypertable('user_interactions', 'timestamp', i...\n               ^\nHINT:  Ninguna función coincide en el nombre y tipos de argumentos. Puede ser necesario agregar conversión explícita de tipos.\n\n[SQL: SELECT create_hypertable('user_interactions', 'timestamp', if_not_exists => TRUE);]\n(Background on this error at: https://sqlalche.me/e/20/f405)"}
{"timestamp": "2026-05-17T02:50:06.833261+00:00", "level": "INFO", "logger": "app.main", "event": "opentelemetry_instrumentation_enabled"}
{"timestamp": "2026-05-17T02:50:07.653213+00:00", "level": "INFO", "logger": "app.main", "event": "initializing_timescaledb_features"}
{"timestamp": "2026-05-17T02:50:07.654434+00:00", "level": "ERROR", "logger": "app.main", "event": "Error en setup de TimescaleDB: (psycopg2.errors.UndefinedFunction) no existe la función create_hypertable(unknown, unknown, if_not_exists => boolean)\nLINE 1: SELECT create_hypertable('user_interactions', 'timestamp', i...\n               ^\nHINT:  Ninguna función coincide en el nombre y tipos de argumentos. Puede ser necesario agregar conversión explícita de tipos.\n\n[SQL: SELECT create_hypertable('user_interactions', 'timestamp', if_not_exists => TRUE);]\n(Background on this error at: https://sqlalche.me/e/20/f405)"}
{"timestamp": "2026-05-17T02:50:07.667238+00:00", "level": "INFO", "logger": "app.main", "event": "opentelemetry_instrumentation_enabled"}
{"timestamp": "2026-05-17T02:50:14.524983+00:00", "level": "INFO", "logger": "watchfiles.main", "event": "1 change detected"}
{"timestamp": "2026-05-17T02:56:19.755777+00:00", "level": "INFO", "logger": "watchfiles.main", "event": "1 change detected"}
{"timestamp": "2026-05-17T02:59:31.450020+00:00", "level": "INFO", "logger": "watchfiles.main", "event": "1 change detected"}
{"timestamp": "2026-05-17T02:59:32.256028+00:00", "level": "INFO", "logger": "watchfiles.main", "event": "2 changes detected"}
{"timestamp": "2026-05-17T02:59:32.925134+00:00", "level": "INFO", "logger": "app.main", "event": "initializing_timescaledb_features"}
{"timestamp": "2026-05-17T02:59:32.926804+00:00", "level": "ERROR", "logger": "app.main", "event": "Error en setup de TimescaleDB: (psycopg2.errors.UndefinedFunction) no existe la función create_hypertable(unknown, unknown, if_not_exists => boolean)\nLINE 1: SELECT create_hypertable('user_interactions', 'timestamp', i...\n               ^\nHINT:  Ninguna función coincide en el nombre y tipos de argumentos. Puede ser necesario agregar conversión explícita de tipos.\n\n[SQL: SELECT create_hypertable('user_interactions', 'timestamp', if_not_exists => TRUE);]\n(Background on this error at: https://sqlalche.me/e/20/f405)"}
{"timestamp": "2026-05-17T02:59:32.941511+00:00", "level": "INFO", "logger": "app.main", "event": "opentelemetry_instrumentation_enabled"}
{"timestamp": "2026-05-17T02:59:37.047976+00:00", "level": "INFO", "logger": "watchfiles.main", "event": "1 change detected"}
{"timestamp": "2026-05-17T02:59:37.871030+00:00", "level": "INFO", "logger": "watchfiles.main", "event": "1 change detected"}
{"timestamp": "2026-05-17T02:59:38.415330+00:00", "level": "INFO", "logger": "app.main", "event": "initializing_timescaledb_features"}
{"timestamp": "2026-05-17T02:59:38.417163+00:00", "level": "ERROR", "logger": "app.main", "event": "Error en setup de TimescaleDB: (psycopg2.errors.UndefinedFunction) no existe la función create_hypertable(unknown, unknown, if_not_exists => boolean)\nLINE 1: SELECT create_hypertable('user_interactions', 'timestamp', i...\n               ^\nHINT:  Ninguna función coincide en el nombre y tipos de argumentos. Puede ser necesario agregar conversión explícita de tipos.\n\n[SQL: SELECT create_hypertable('user_interactions', 'timestamp', if_not_exists => TRUE);]\n(Background on this error at: https://sqlalche.me/e/20/f405)"}
{"timestamp": "2026-05-17T02:59:38.439891+00:00", "level": "INFO", "logger": "app.main", "event": "opentelemetry_instrumentation_enabled"}
{"timestamp": "2026-05-17T03:00:28.705122+00:00", "level": "INFO", "logger": "watchfiles.main", "event": "1 change detected"}
{"timestamp": "2026-05-17T03:00:29.530535+00:00", "level": "INFO", "logger": "watchfiles.main", "event": "10 changes detected"}
{"timestamp": "2026-05-17T03:00:30.130118+00:00", "level": "INFO", "logger": "app.main", "event": "initializing_timescaledb_features"}
{"timestamp": "2026-05-17T03:00:30.131555+00:00", "level": "ERROR", "logger": "app.main", "event": "Error en setup de TimescaleDB: (psycopg2.errors.UndefinedFunction) no existe la función create_hypertable(unknown, unknown, if_not_exists => boolean)\nLINE 1: SELECT create_hypertable('user_interactions', 'timestamp', i...\n               ^\nHINT:  Ninguna función coincide en el nombre y tipos de argumentos. Puede ser necesario agregar conversión explícita de tipos.\n\n[SQL: SELECT create_hypertable('user_interactions', 'timestamp', if_not_exists => TRUE);]\n(Background on this error at: https://sqlalche.me/e/20/f405)"}
{"timestamp": "2026-05-17T03:00:30.147105+00:00", "level": "INFO", "logger": "app.main", "event": "opentelemetry_instrumentation_enabled"}
{"timestamp": "2026-05-17T03:00:40.460086+00:00", "level": "INFO", "logger": "watchfiles.main", "event": "1 change detected"}
{"timestamp": "2026-05-17T03:00:41.162629+00:00", "level": "INFO", "logger": "watchfiles.main", "event": "6 changes detected"}
{"timestamp": "2026-05-17T03:00:44.392489+00:00", "level": "INFO", "logger": "watchfiles.main", "event": "1 change detected"}
{"timestamp": "2026-05-17T03:00:44.760343+00:00", "level": "INFO", "logger": "watchfiles.main", "event": "9 changes detected"}
{"timestamp": "2026-05-17T03:00:45.425628+00:00", "level": "INFO", "logger": "app.main", "event": "initializing_timescaledb_features"}
{"timestamp": "2026-05-17T03:00:45.427053+00:00", "level": "ERROR", "logger": "app.main", "event": "Error en setup de TimescaleDB: (psycopg2.errors.UndefinedFunction) no existe la función create_hypertable(unknown, unknown, if_not_exists => boolean)\nLINE 1: SELECT create_hypertable('user_interactions', 'timestamp', i...\n               ^\nHINT:  Ninguna función coincide en el nombre y tipos de argumentos. Puede ser necesario agregar conversión explícita de tipos.\n\n[SQL: SELECT create_hypertable('user_interactions', 'timestamp', if_not_exists => TRUE);]\n(Background on this error at: https://sqlalche.me/e/20/f405)"}
{"timestamp": "2026-05-17T03:00:45.442236+00:00", "level": "INFO", "logger": "app.main", "event": "opentelemetry_instrumentation_enabled"}
{"timestamp": "2026-05-17T03:00:50.503902+00:00", "level": "INFO", "logger": "watchfiles.main", "event": "1 change detected"}
{"timestamp": "2026-05-17T03:00:51.348458+00:00", "level": "INFO", "logger": "watchfiles.main", "event": "8 changes detected"}
{"timestamp": "2026-05-17T03:00:51.995792+00:00", "level": "INFO", "logger": "app.main", "event": "initializing_timescaledb_features"}
{"timestamp": "2026-05-17T03:00:51.997477+00:00", "level": "ERROR", "logger": "app.main", "event": "Error en setup de TimescaleDB: (psycopg2.errors.UndefinedFunction) no existe la función create_hypertable(unknown, unknown, if_not_exists => boolean)\nLINE 1: SELECT create_hypertable('user_interactions', 'timestamp', i...\n               ^\nHINT:  Ninguna función coincide en el nombre y tipos de argumentos. Puede ser necesario agregar conversión explícita de tipos.\n\n[SQL: SELECT create_hypertable('user_interactions', 'timestamp', if_not_exists => TRUE);]\n(Background on this error at: https://sqlalche.me/e/20/f405)"}
{"timestamp": "2026-05-17T03:00:52.013963+00:00", "level": "INFO", "logger": "app.main", "event": "opentelemetry_instrumentation_enabled"}
{"timestamp": "2026-05-17T03:00:53.080306+00:00", "level": "INFO", "logger": "watchfiles.main", "event": "1 change detected"}
{"timestamp": "2026-05-17T03:00:53.930420+00:00", "level": "INFO", "logger": "watchfiles.main", "event": "1 change detected"}
{"timestamp": "2026-05-17T03:00:54.388399+00:00", "level": "INFO", "logger": "watchfiles.main", "event": "5 changes detected"}
{"timestamp": "2026-05-17T03:00:54.563720+00:00", "level": "INFO", "logger": "app.main", "event": "initializing_timescaledb_features"}
{"timestamp": "2026-05-17T03:00:54.565288+00:00", "level": "ERROR", "logger": "app.main", "event": "Error en setup de TimescaleDB: (psycopg2.errors.UndefinedFunction) no existe la función create_hypertable(unknown, unknown, if_not_exists => boolean)\nLINE 1: SELECT create_hypertable('user_interactions', 'timestamp', i...\n               ^\nHINT:  Ninguna función coincide en el nombre y tipos de argumentos. Puede ser necesario agregar conversión explícita de tipos.\n\n[SQL: SELECT create_hypertable('user_interactions', 'timestamp', if_not_exists => TRUE);]\n(Background on this error at: https://sqlalche.me/e/20/f405)"}
{"timestamp": "2026-05-17T03:00:54.580944+00:00", "level": "INFO", "logger": "app.main", "event": "opentelemetry_instrumentation_enabled"}
{"timestamp": "2026-05-17T03:01:21.202037+00:00", "level": "INFO", "logger": "watchfiles.main", "event": "1 change detected"}
{"timestamp": "2026-05-17T03:01:21.984064+00:00", "level": "INFO", "logger": "watchfiles.main", "event": "10 changes detected"}
{"timestamp": "2026-05-17T03:01:22.345836+00:00", "level": "INFO", "logger": "watchfiles.main", "event": "1 change detected"}
{"timestamp": "2026-05-17T03:01:22.704308+00:00", "level": "INFO", "logger": "watchfiles.main", "event": "5 changes detected"}
{"timestamp": "2026-05-17T03:01:23.300232+00:00", "level": "INFO", "logger": "app.main", "event": "initializing_timescaledb_features"}
{"timestamp": "2026-05-17T03:01:23.301629+00:00", "level": "ERROR", "logger": "app.main", "event": "Error en setup de TimescaleDB: (psycopg2.errors.UndefinedFunction) no existe la función create_hypertable(unknown, unknown, if_not_exists => boolean)\nLINE 1: SELECT create_hypertable('user_interactions', 'timestamp', i...\n               ^\nHINT:  Ninguna función coincide en el nombre y tipos de argumentos. Puede ser necesario agregar conversión explícita de tipos.\n\n[SQL: SELECT create_hypertable('user_interactions', 'timestamp', if_not_exists => TRUE);]\n(Background on this error at: https://sqlalche.me/e/20/f405)"}
{"timestamp": "2026-05-17T03:01:23.315719+00:00", "level": "INFO", "logger": "app.main", "event": "opentelemetry_instrumentation_enabled"}
{"timestamp": "2026-05-17T03:01:45.236961+00:00", "level": "INFO", "logger": "watchfiles.main", "event": "1 change detected"}
{"timestamp": "2026-05-17T03:01:46.075499+00:00", "level": "INFO", "logger": "watchfiles.main", "event": "12 changes detected"}
{"timestamp": "2026-05-17T03:01:46.708727+00:00", "level": "INFO", "logger": "app.main", "event": "initializing_timescaledb_features"}
{"timestamp": "2026-05-17T03:01:46.710003+00:00", "level": "ERROR", "logger": "app.main", "event": "Error en setup de TimescaleDB: (psycopg2.errors.UndefinedFunction) no existe la función create_hypertable(unknown, unknown, if_not_exists => boolean)\nLINE 1: SELECT create_hypertable('user_interactions', 'timestamp', i...\n               ^\nHINT:  Ninguna función coincide en el nombre y tipos de argumentos. Puede ser necesario agregar conversión explícita de tipos.\n\n[SQL: SELECT create_hypertable('user_interactions', 'timestamp', if_not_exists => TRUE);]\n(Background on this error at: https://sqlalche.me/e/20/f405)"}
{"timestamp": "2026-05-17T03:01:46.723361+00:00", "level": "INFO", "logger": "app.main", "event": "opentelemetry_instrumentation_enabled"}
{"timestamp": "2026-05-17T03:14:42.258701+00:00", "level": "INFO", "logger": "watchfiles.main", "event": "1 change detected"}
{"timestamp": "2026-05-17T03:14:51.480536+00:00", "level": "INFO", "logger": "watchfiles.main", "event": "1 change detected"}
{"timestamp": "2026-05-17T03:16:51.769466+00:00", "level": "INFO", "logger": "watchfiles.main", "event": "1 change detected"}
{"timestamp": "2026-05-17T03:16:52.684655+00:00", "level": "INFO", "logger": "watchfiles.main", "event": "2 changes detected"}
{"timestamp": "2026-05-17T03:16:57.673344+00:00", "level": "INFO", "logger": "watchfiles.main", "event": "1 change detected"}
{"timestamp": "2026-05-17T03:16:58.042400+00:00", "level": "INFO", "logger": "watchfiles.main", "event": "6 changes detected"}
{"timestamp": "2026-05-17T03:17:24.834743+00:00", "level": "INFO", "logger": "watchfiles.main", "event": "1 change detected"}
{"timestamp": "2026-05-17T03:17:25.193693+00:00", "level": "INFO", "logger": "watchfiles.main", "event": "11 changes detected"}
{"timestamp": "2026-05-17T03:17:25.909822+00:00", "level": "INFO", "logger": "app.main", "event": "initializing_timescaledb_features"}
{"timestamp": "2026-05-17T03:17:25.911566+00:00", "level": "ERROR", "logger": "app.main", "event": "Error en setup de TimescaleDB: (psycopg2.errors.UndefinedFunction) no existe la función create_hypertable(unknown, unknown, if_not_exists => boolean)\nLINE 1: SELECT create_hypertable('user_interactions', 'timestamp', i...\n               ^\nHINT:  Ninguna función coincide en el nombre y tipos de argumentos. Puede ser necesario agregar conversión explícita de tipos.\n\n[SQL: SELECT create_hypertable('user_interactions', 'timestamp', if_not_exists => TRUE);]\n(Background on this error at: https://sqlalche.me/e/20/f405)"}
{"timestamp": "2026-05-17T03:17:25.928036+00:00", "level": "INFO", "logger": "app.main", "event": "opentelemetry_instrumentation_enabled"}
{"timestamp": "2026-05-17T03:18:43.383413+00:00", "level": "INFO", "logger": "watchfiles.main", "event": "5 changes detected"}
{"timestamp": "2026-05-17T03:18:44.169019+00:00", "level": "INFO", "logger": "watchfiles.main", "event": "11 changes detected"}
{"timestamp": "2026-05-17T03:18:44.621171+00:00", "level": "INFO", "logger": "watchfiles.main", "event": "5 changes detected"}
{"timestamp": "2026-05-17T03:18:46.785444+00:00", "level": "INFO", "logger": "watchfiles.main", "event": "3 changes detected"}
{"timestamp": "2026-05-17T03:18:47.701178+00:00", "level": "INFO", "logger": "watchfiles.main", "event": "12 changes detected"}
